  [1m[36m (0.4ms)[0m  [1mselect sqlite_version(*)[0m
  [1m[35m (42.1ms)[0m  CREATE TABLE "schema_migrations" ("version" varchar(255) NOT NULL) 
  [1m[36m (0.3ms)[0m  [1mPRAGMA index_list("schema_migrations")[0m
  [1m[35m (57.5ms)[0m  CREATE UNIQUE INDEX "unique_schema_migrations" ON "schema_migrations" ("version")
  [1m[36m (3.3ms)[0m  [1mSELECT "schema_migrations"."version" FROM "schema_migrations" [0m
Migrating to CreateMovies (20111119180638)
  [1m[35m (20.2ms)[0m  CREATE TABLE "movies" ("id" INTEGER PRIMARY KEY AUTOINCREMENT NOT NULL, "title" varchar(255), "rating" varchar(255), "description" text, "release_date" datetime, "created_at" datetime, "updated_at" datetime) 
  [1m[36m (54.7ms)[0m  [1mINSERT INTO "schema_migrations" ("version") VALUES ('20111119180638')[0m
  [1m[35m (4.1ms)[0m  select sqlite_version(*)
  [1m[36m (6.3ms)[0m  [1mSELECT "schema_migrations"."version" FROM "schema_migrations" [0m
  [1m[35m (0.3ms)[0m  PRAGMA index_list("movies")
  [1m[36m (12.9ms)[0m  [1mSELECT "schema_migrations"."version" FROM "schema_migrations" [0m
  [1m[35mSQL (360.0ms)[0m  INSERT INTO "movies" ("created_at", "description", "rating", "release_date", "title", "updated_at") VALUES (?, ?, ?, ?, ?, ?)  [["created_at", Thu, 25 Jul 2013 07:43:02 UTC +00:00], ["description", nil], ["rating", "G"], ["release_date", Wed, 25 Nov 1992 00:00:00 UTC +00:00], ["title", "Aladdin"], ["updated_at", Thu, 25 Jul 2013 07:43:02 UTC +00:00]]
  [1m[36mSQL (28.0ms)[0m  [1mINSERT INTO "movies" ("created_at", "description", "rating", "release_date", "title", "updated_at") VALUES (?, ?, ?, ?, ?, ?)[0m  [["created_at", Thu, 25 Jul 2013 07:43:02 UTC +00:00], ["description", nil], ["rating", "R"], ["release_date", Fri, 26 Oct 1984 00:00:00 UTC +00:00], ["title", "The Terminator"], ["updated_at", Thu, 25 Jul 2013 07:43:02 UTC +00:00]]
  [1m[35mSQL (75.7ms)[0m  INSERT INTO "movies" ("created_at", "description", "rating", "release_date", "title", "updated_at") VALUES (?, ?, ?, ?, ?, ?)  [["created_at", Thu, 25 Jul 2013 07:43:03 UTC +00:00], ["description", nil], ["rating", "R"], ["release_date", Fri, 21 Jul 1989 00:00:00 UTC +00:00], ["title", "When Harry Met Sally"], ["updated_at", Thu, 25 Jul 2013 07:43:03 UTC +00:00]]
  [1m[36mSQL (36.1ms)[0m  [1mINSERT INTO "movies" ("created_at", "description", "rating", "release_date", "title", "updated_at") VALUES (?, ?, ?, ?, ?, ?)[0m  [["created_at", Thu, 25 Jul 2013 07:43:03 UTC +00:00], ["description", nil], ["rating", "PG-13"], ["release_date", Wed, 10 Aug 2011 00:00:00 UTC +00:00], ["title", "The Help"], ["updated_at", Thu, 25 Jul 2013 07:43:03 UTC +00:00]]
  [1m[35mSQL (33.2ms)[0m  INSERT INTO "movies" ("created_at", "description", "rating", "release_date", "title", "updated_at") VALUES (?, ?, ?, ?, ?, ?)  [["created_at", Thu, 25 Jul 2013 07:43:03 UTC +00:00], ["description", nil], ["rating", "PG-13"], ["release_date", Fri, 05 Jan 2001 00:00:00 UTC +00:00], ["title", "Chocolat"], ["updated_at", Thu, 25 Jul 2013 07:43:03 UTC +00:00]]
  [1m[36mSQL (40.4ms)[0m  [1mINSERT INTO "movies" ("created_at", "description", "rating", "release_date", "title", "updated_at") VALUES (?, ?, ?, ?, ?, ?)[0m  [["created_at", Thu, 25 Jul 2013 07:43:03 UTC +00:00], ["description", nil], ["rating", "R"], ["release_date", Wed, 25 Apr 2001 00:00:00 UTC +00:00], ["title", "Amelie"], ["updated_at", Thu, 25 Jul 2013 07:43:03 UTC +00:00]]
  [1m[35mSQL (29.0ms)[0m  INSERT INTO "movies" ("created_at", "description", "rating", "release_date", "title", "updated_at") VALUES (?, ?, ?, ?, ?, ?)  [["created_at", Thu, 25 Jul 2013 07:43:03 UTC +00:00], ["description", nil], ["rating", "G"], ["release_date", Sat, 06 Apr 1968 00:00:00 UTC +00:00], ["title", "2001: A Space Odyssey"], ["updated_at", Thu, 25 Jul 2013 07:43:03 UTC +00:00]]
  [1m[36mSQL (51.5ms)[0m  [1mINSERT INTO "movies" ("created_at", "description", "rating", "release_date", "title", "updated_at") VALUES (?, ?, ?, ?, ?, ?)[0m  [["created_at", Thu, 25 Jul 2013 07:43:03 UTC +00:00], ["description", nil], ["rating", "PG"], ["release_date", Fri, 05 Nov 2004 00:00:00 UTC +00:00], ["title", "The Incredibles"], ["updated_at", Thu, 25 Jul 2013 07:43:03 UTC +00:00]]
  [1m[35mSQL (30.8ms)[0m  INSERT INTO "movies" ("created_at", "description", "rating", "release_date", "title", "updated_at") VALUES (?, ?, ?, ?, ?, ?)  [["created_at", Thu, 25 Jul 2013 07:43:03 UTC +00:00], ["description", nil], ["rating", "PG"], ["release_date", Fri, 12 Jun 1981 00:00:00 UTC +00:00], ["title", "Raiders of the Lost Ark"], ["updated_at", Thu, 25 Jul 2013 07:43:03 UTC +00:00]]
  [1m[36mSQL (37.2ms)[0m  [1mINSERT INTO "movies" ("created_at", "description", "rating", "release_date", "title", "updated_at") VALUES (?, ?, ?, ?, ?, ?)[0m  [["created_at", Thu, 25 Jul 2013 07:43:03 UTC +00:00], ["description", nil], ["rating", "G"], ["release_date", Wed, 21 Jun 2000 00:00:00 UTC +00:00], ["title", "Chicken Run"], ["updated_at", Thu, 25 Jul 2013 07:43:03 UTC +00:00]]


Started GET "/movies" for 127.0.0.1 at 2013-07-25 00:46:23 -0700
  Processing by MoviesController#index as HTML
  [1m[36mMovie Load (14.7ms)[0m  [1mSELECT "movies".* FROM "movies" [0m
Rendered movies/index.html.haml within layouts/application (612.3ms)
Compiled application.css  (19ms)  (pid 3295)
Compiled application.js  (228ms)  (pid 3295)
Compiled jquery.js  (72ms)  (pid 3295)
Compiled jquery_ujs.js  (22ms)  (pid 3295)
Completed 200 OK in 3471ms (Views: 3436.0ms | ActiveRecord: 22.8ms)


Started GET "/assets/application.css?body=1" for 127.0.0.1 at 2013-07-25 00:46:43 -0700
Served asset /application.css - 304 Not Modified (183ms)


Started GET "/assets/jquery.js?body=1" for 127.0.0.1 at 2013-07-25 00:46:44 -0700
Served asset /jquery.js - 304 Not Modified (259ms)


Started GET "/assets/application.js?body=1" for 127.0.0.1 at 2013-07-25 00:46:44 -0700
Served asset /application.js - 304 Not Modified (929ms)


Started GET "/assets/jquery_ujs.js?body=1" for 127.0.0.1 at 2013-07-25 00:46:45 -0700
Served asset /jquery_ujs.js - 304 Not Modified (105ms)


Started GET "/movies/1" for 127.0.0.1 at 2013-07-25 00:46:55 -0700
  Processing by MoviesController#show as HTML
  Parameters: {"id"=>"1"}
  [1m[35mMovie Load (15.5ms)[0m  SELECT "movies".* FROM "movies" WHERE "movies"."id" = ? LIMIT 1  [["id", "1"]]
Rendered movies/show.html.haml within layouts/application (219.3ms)
Completed 200 OK in 429ms (Views: 379.8ms | ActiveRecord: 32.1ms)


Started GET "/assets/application.js?body=1" for 127.0.0.1 at 2013-07-25 00:46:57 -0700
Served asset /application.js - 304 Not Modified (36ms)


Started GET "/assets/application.css?body=1" for 127.0.0.1 at 2013-07-25 00:46:57 -0700
Served asset /application.css - 304 Not Modified (12ms)


Started GET "/assets/jquery_ujs.js?body=1" for 127.0.0.1 at 2013-07-25 00:46:57 -0700
Served asset /jquery_ujs.js - 304 Not Modified (0ms)


Started GET "/assets/jquery.js?body=1" for 127.0.0.1 at 2013-07-25 00:46:58 -0700
Served asset /jquery.js - 304 Not Modified (6ms)


Started GET "/Movies" for 192.168.56.10 at 2013-07-25 03:59:07 -0700

ActionController::RoutingError (No route matches [GET] "/Movies"):
  

Rendered /usr/local/lib/ruby/gems/1.9.1/gems/actionpack-3.1.0/lib/action_dispatch/middleware/templates/rescues/routing_error.erb within rescues/layout (9.1ms)


Started GET "/movies" for 192.168.56.10 at 2013-07-25 03:59:52 -0700
  Processing by MoviesController#index as HTML
  [1m[36mMovie Load (10.3ms)[0m  [1mSELECT "movies".* FROM "movies" [0m
Rendered movies/index.html.haml within layouts/application (537.2ms)
Completed 200 OK in 1925ms (Views: 1892.8ms | ActiveRecord: 17.5ms)


Started GET "/assets/application.css?body=1" for 192.168.56.10 at 2013-07-25 04:00:01 -0700
Served asset /application.css - 200 OK (43ms)


Started GET "/assets/jquery.js?body=1" for 192.168.56.10 at 2013-07-25 04:00:02 -0700
Served asset /jquery.js - 200 OK (533ms)


Started GET "/assets/jquery_ujs.js?body=1" for 192.168.56.10 at 2013-07-25 04:00:06 -0700
Served asset /jquery_ujs.js - 200 OK (904ms)


Started GET "/assets/application.js?body=1" for 192.168.56.10 at 2013-07-25 04:00:08 -0700
Served asset /application.js - 200 OK (251ms)
